<?xml version="1.0" encoding="UTF-8"?>
<testsuite xmlns:xsi="http://www.w3.org/2001/XMLSchema-instance" xsi:noNamespaceSchemaLocation="https://maven.apache.org/surefire/maven-surefire-plugin/xsd/surefire-test-report.xsd" version="3.0.2" name="com.example.expensetracker.ExpenseTrackerApplicationTests" time="14.203" tests="1" errors="0" skipped="0" failures="0">
  <properties>
[...]
</properties>
  <testcase name="contextLoads" classname="com.example.expensetracker.ExpenseTrackerApplicationTests" time="1.099">
    <system-out><![CDATA[19:14:25.212 [main] INFO org.springframework.test.context.support.AnnotationConfigContextLoaderUtils -- Could not detect default configuration classes for test class [com.example.expensetracker.ExpenseTrackerApplicationTests]: ExpenseTrackerApplicationTests does not declare any static, non-private, non-final, nested classes annotated with @Configuration.
19:14:25.498 [main] INFO org.springframework.boot.test.context.SpringBootTestContextBootstrapper -- Found @SpringBootConfiguration com.example.expensetracker.ExpenseTrackerApplication for test class com.example.expensetracker.ExpenseTrackerApplicationTests

  .   ____          _            __ _ _
 /\\ / ___'_ __ _ _(_)_ __  __ _ \ \ \ \
( ( )\___ | '_ | '_| | '_ \/ _` | \ \ \ \
 \\/  ___)| |_)| | | | | || (_| |  ) ) ) )
  '  |____| .__|_| |_|_| |_\__, | / / / /
 =========|_|==============|___/=/_/_/_/

 :: Spring Boot ::                (v3.4.2)

2026-02-02T19:14:26.736+05:30  INFO 17752 --- [expense-tracker] [           main] c.e.e.ExpenseTrackerApplicationTests     : Starting ExpenseTrackerApplicationTests using Java 17.0.18 with PID 17752 (started by MOHAMMED ZUBAIR in C:\Users\MOHAMMED ZUBAIR\Downloads\expense-tracker\expense-tracker)
2026-02-02T19:14:26.742+05:30  INFO 17752 --- [expense-tracker] [           main] c.e.e.ExpenseTrackerApplicationTests     : No active profile set, falling back to 1 default profile: "default"
2026-02-02T19:14:28.371+05:30  INFO 17752 --- [expense-tracker] [           main] .s.d.r.c.RepositoryConfigurationDelegate : Bootstrapping Spring Data JPA repositories in DEFAULT mode.
2026-02-02T19:14:28.516+05:30  INFO 17752 --- [expense-tracker] [           main] .s.d.r.c.RepositoryConfigurationDelegate : Finished Spring Data repository scanning in 118 ms. Found 1 JPA repository interface.
2026-02-02T19:14:29.522+05:30  INFO 17752 --- [expense-tracker] [           main] com.zaxxer.hikari.HikariDataSource       : HikariPool-1 - Starting...
2026-02-02T19:14:30.619+05:30  INFO 17752 --- [expense-tracker] [           main] com.zaxxer.hikari.pool.HikariPool        : HikariPool-1 - Added connection com.mysql.cj.jdbc.ConnectionImpl@784d9bc
2026-02-02T19:14:30.626+05:30  INFO 17752 --- [expense-tracker] [           main] com.zaxxer.hikari.HikariDataSource       : HikariPool-1 - Start completed.
2026-02-02T19:14:30.775+05:30  INFO 17752 --- [expense-tracker] [           main] o.hibernate.jpa.internal.util.LogHelper  : HHH000204: Processing PersistenceUnitInfo [name: default]
2026-02-02T19:14:31.024+05:30  INFO 17752 --- [expense-tracker] [           main] org.hibernate.Version                    : HHH000412: Hibernate ORM core version 6.6.5.Final
2026-02-02T19:14:31.185+05:30  INFO 17752 --- [expense-tracker] [           main] o.h.c.internal.RegionFactoryInitiator    : HHH000026: Second-level cache disabled
2026-02-02T19:14:32.233+05:30  INFO 17752 --- [expense-tracker] [           main] o.s.o.j.p.SpringPersistenceUnitInfo      : No LoadTimeWeaver setup: ignoring JPA class transformer
2026-02-02T19:14:32.501+05:30  WARN 17752 --- [expense-tracker] [           main] org.hibernate.orm.deprecation            : HHH90000025: MySQLDialect does not need to be specified explicitly using 'hibernate.dialect' (remove the property setting and it will be selected by default)
2026-02-02T19:14:32.564+05:30  INFO 17752 --- [expense-tracker] [           main] org.hibernate.orm.connections.pooling    : HHH10001005: Database info:
	Database JDBC URL [Connecting through datasource 'HikariDataSource (HikariPool-1)']
	Database driver: undefined/unknown
	Database version: 8.0.42
	Autocommit mode: undefined/unknown
	Isolation level: undefined/unknown
	Minimum pool size: undefined/unknown
	Maximum pool size: undefined/unknown
2026-02-02T19:14:34.541+05:30  INFO 17752 --- [expense-tracker] [           main] o.h.e.t.j.p.i.JtaPlatformInitiator       : HHH000489: No JTA platform available (set 'hibernate.transaction.jta.platform' to enable JTA platform integration)
2026-02-02T19:14:34.551+05:30  INFO 17752 --- [expense-tracker] [           main] j.LocalContainerEntityManagerFactoryBean : Initialized JPA EntityManagerFactory for persistence unit 'default'
2026-02-02T19:14:35.177+05:30  INFO 17752 --- [expense-tracker] [           main] o.s.d.j.r.query.QueryEnhancerFactory     : Hibernate is in classpath; If applicable, HQL parser will be used.
2026-02-02T19:14:36.982+05:30  WARN 17752 --- [expense-tracker] [           main] JpaBaseConfiguration$JpaWebConfiguration : spring.jpa.open-in-view is enabled by default. Therefore, database queries may be performed during view rendering. Explicitly configure spring.jpa.open-in-view to disable this warning
2026-02-02T19:14:37.880+05:30  INFO 17752 --- [expense-tracker] [           main] c.e.e.ExpenseTrackerApplicationTests     : Started ExpenseTrackerApplicationTests in 11.917 seconds (process running for 13.9)
]]></system-out>
  </testcase>
</testsuite>